f:\c++网络编程\day17( 多线程经典设计模式)\temp\win32\release\easytcpserver\vc140.pdb
f:\c++网络编程\day17( 多线程经典设计模式)\temp\win32\release\easytcpserver\server.obj
f:\c++网络编程\day19( socket api极限测试 添加rev和send计数）\temp\win32\release\easytcpserver\vc140.pdb
f:\c++网络编程\day19( socket api极限测试 添加rev和send计数）\temp\win32\release\easytcpserver\server.obj
f:\c++网络编程\day17( 多线程经典设计模式)\bin\win32\release\easytcpserver.exe
f:\c++网络编程\day17( 多线程经典设计模式)\bin\win32\release\easytcpserver.ipdb
f:\c++网络编程\day17( 多线程经典设计模式)\bin\win32\release\easytcpserver.iobj
f:\c++网络编程\day17( 多线程经典设计模式)\bin\win32\release\easytcpserver.pdb
f:\c++网络编程\day18( select模型接收数据性能瓶颈与优化）\bin\win32\release\easytcpserver.exe
f:\c++网络编程\day18( select模型接收数据性能瓶颈与优化）\bin\win32\release\easytcpserver.ipdb
f:\c++网络编程\day18( select模型接收数据性能瓶颈与优化）\bin\win32\release\easytcpserver.iobj
f:\c++网络编程\day18( select模型接收数据性能瓶颈与优化）\bin\win32\release\easytcpserver.pdb
f:\c++网络编程\day19( socket api极限测试 添加rev和send计数）\bin\win32\release\easytcpserver.exe
f:\c++网络编程\day19( socket api极限测试 添加rev和send计数）\bin\win32\release\easytcpserver.pdb
f:\c++网络编程\day19( socket api极限测试 添加rev和send计数）\hellosocket\../bin/win32/release\easytcpserver.pdb
f:\c++网络编程\day19( socket api极限测试 添加rev和send计数）\hellosocket\../bin/win32/release\easytcpserver.exe
f:\c++网络编程\day19( socket api极限测试 添加rev和send计数）\temp\win32\release\easytcpserver\easytcpserver.tlog\cl.command.1.tlog
f:\c++网络编程\day19( socket api极限测试 添加rev和send计数）\temp\win32\release\easytcpserver\easytcpserver.tlog\cl.read.1.tlog
f:\c++网络编程\day19( socket api极限测试 添加rev和send计数）\temp\win32\release\easytcpserver\easytcpserver.tlog\cl.write.1.tlog
f:\c++网络编程\day19( socket api极限测试 添加rev和send计数）\temp\win32\release\easytcpserver\easytcpserver.tlog\link.command.1.tlog
f:\c++网络编程\day19( socket api极限测试 添加rev和send计数）\temp\win32\release\easytcpserver\easytcpserver.tlog\link.read.1.tlog
f:\c++网络编程\day19( socket api极限测试 添加rev和send计数）\temp\win32\release\easytcpserver\easytcpserver.tlog\link.write.1.tlog
