f:\c++网络编程\day02(结构体类型数据传输)\temp\win32\debug\easytcpclient\vc140.pdb
f:\c++网络编程\day02(结构体类型数据传输)\temp\win32\debug\easytcpclient\vc140.idb
f:\c++网络编程\day02(结构体类型数据传输)\temp\win32\debug\easytcpclient\client.obj
f:\c++网络编程\day03(多次收发变为一次收发2)\temp\win32\debug\easytcpclient\vc140.pdb
f:\c++网络编程\day03(多次收发变为一次收发2)\temp\win32\debug\easytcpclient\vc140.idb
f:\c++网络编程\day03(多次收发变为一次收发2)\temp\win32\debug\easytcpclient\client.obj
f:\c++网络编程\day04(客户端升级为select模型)\temp\win32\debug\easytcpclient\vc140.pdb
f:\c++网络编程\day04(客户端升级为select模型)\temp\win32\debug\easytcpclient\vc140.idb
f:\c++网络编程\day04(客户端升级为select模型)\temp\win32\debug\easytcpclient\client.obj
f:\c++网络编程\day02(结构体类型数据传输)\bin\win32\debug\easytcpclient.ilk
f:\c++网络编程\day02(结构体类型数据传输)\bin\win32\debug\easytcpclient.exe
f:\c++网络编程\day02(结构体类型数据传输)\bin\win32\debug\easytcpclient.pdb
f:\c++网络编程\day03(多次收发变为一次收发2)\bin\win32\debug\easytcpclient.ilk
f:\c++网络编程\day03(多次收发变为一次收发2)\bin\win32\debug\easytcpclient.exe
f:\c++网络编程\day03(多次收发变为一次收发2)\bin\win32\debug\easytcpclient.pdb
f:\c++网络编程\day04(客户端升级为select模型)\bin\win32\debug\easytcpclient.ilk
f:\c++网络编程\day04(客户端升级为select模型)\bin\win32\debug\easytcpclient.exe
f:\c++网络编程\day04(客户端升级为select模型)\bin\win32\debug\easytcpclient.pdb
f:\c++网络编程\day04(客户端升级为select模型)\hellosocket\../bin/win32/debug\easytcpclient.pdb
f:\c++网络编程\day04(客户端升级为select模型)\hellosocket\../bin/win32/debug\easytcpclient.exe
f:\c++网络编程\day04(客户端升级为select模型)\hellosocket\../bin/win32/debug\easytcpclient.ilk
f:\c++网络编程\day04(客户端升级为select模型)\temp\win32\debug\easytcpclient\easytcpclient.tlog\cl.command.1.tlog
f:\c++网络编程\day04(客户端升级为select模型)\temp\win32\debug\easytcpclient\easytcpclient.tlog\cl.read.1.tlog
f:\c++网络编程\day04(客户端升级为select模型)\temp\win32\debug\easytcpclient\easytcpclient.tlog\cl.write.1.tlog
f:\c++网络编程\day04(客户端升级为select模型)\temp\win32\debug\easytcpclient\easytcpclient.tlog\link.command.1.tlog
f:\c++网络编程\day04(客户端升级为select模型)\temp\win32\debug\easytcpclient\easytcpclient.tlog\link.read.1.tlog
f:\c++网络编程\day04(客户端升级为select模型)\temp\win32\debug\easytcpclient\easytcpclient.tlog\link.write.1.tlog
