f:\c++网络编程\day02(结构体类型数据传输)\temp\win32\debug\easytcpserver\vc140.pdb
f:\c++网络编程\day02(结构体类型数据传输)\temp\win32\debug\easytcpserver\vc140.idb
f:\c++网络编程\day02(结构体类型数据传输)\temp\win32\debug\easytcpserver\server.obj
f:\c++网络编程\day03(多次收发变为一次收发2)\temp\win32\debug\easytcpserver\vc140.pdb
f:\c++网络编程\day03(多次收发变为一次收发2)\temp\win32\debug\easytcpserver\vc140.idb
f:\c++网络编程\day03(多次收发变为一次收发2)\temp\win32\debug\easytcpserver\server.obj
f:\c++网络编程\day04(加入select模型处理多客户端)\temp\win32\debug\easytcpserver\vc140.pdb
f:\c++网络编程\day04(加入select模型处理多客户端)\temp\win32\debug\easytcpserver\vc140.idb
f:\c++网络编程\day04(加入select模型处理多客户端)\temp\win32\debug\easytcpserver\server.obj
f:\c++网络编程\day06(网络编程线程)\temp\win32\debug\easytcpserver\vc140.pdb
f:\c++网络编程\day06(网络编程线程)\temp\win32\debug\easytcpserver\vc140.idb
f:\c++网络编程\day06(网络编程线程)\temp\win32\debug\easytcpserver\server.obj
f:\c++网络编程\day08( 服务端 不同平台之间移植linux)\temp\win32\debug\easytcpserver\vc140.pdb
f:\c++网络编程\day08( 服务端 不同平台之间移植linux)\temp\win32\debug\easytcpserver\vc140.idb
f:\c++网络编程\day08( 服务端 不同平台之间移植linux)\temp\win32\debug\easytcpserver\server.obj
f:\c++网络编程\day09( 跨平台 封装client类 与多服务端通信)\temp\win32\debug\easytcpserver\vc140.pdb
f:\c++网络编程\day09( 跨平台 封装client类 与多服务端通信)\temp\win32\debug\easytcpserver\vc140.idb
f:\c++网络编程\day09( 跨平台 封装client类 与多服务端通信)\temp\win32\debug\easytcpserver\server.obj
f:\c++网络编程\day10( 跨平台 封装client类 与多服务端通信 linux)\temp\win32\debug\easytcpserver\vc140.pdb
f:\c++网络编程\day10( 跨平台 封装client类 与多服务端通信 linux)\temp\win32\debug\easytcpserver\vc140.idb
f:\c++网络编程\day10( 跨平台 封装client类 与多服务端通信 linux)\temp\win32\debug\easytcpserver\server.obj
f:\c++网络编程\day11( 跨平台 封装server类 与多客户端通信 windows)\temp\win32\debug\easytcpserver\vc140.pdb
f:\c++网络编程\day11( 跨平台 封装server类 与多客户端通信 windows)\temp\win32\debug\easytcpserver\vc140.idb
f:\c++网络编程\day11( 跨平台 封装server类 与多客户端通信 windows)\temp\win32\debug\easytcpserver\server.obj
f:\c++网络编程\day02(结构体类型数据传输)\bin\win32\debug\easytcpserver.ilk
f:\c++网络编程\day02(结构体类型数据传输)\bin\win32\debug\easytcpserver.exe
f:\c++网络编程\day02(结构体类型数据传输)\bin\win32\debug\easytcpserver.pdb
f:\c++网络编程\day03(多次收发变为一次收发2)\bin\win32\debug\easytcpserver.ilk
f:\c++网络编程\day03(多次收发变为一次收发2)\bin\win32\debug\easytcpserver.exe
f:\c++网络编程\day03(多次收发变为一次收发2)\bin\win32\debug\easytcpserver.pdb
f:\c++网络编程\day04(加入select模型处理多客户端)\bin\win32\debug\easytcpserver.ilk
f:\c++网络编程\day04(加入select模型处理多客户端)\bin\win32\debug\easytcpserver.exe
f:\c++网络编程\day04(加入select模型处理多客户端)\bin\win32\debug\easytcpserver.pdb
f:\c++网络编程\day06(网络编程线程)\bin\win32\debug\easytcpserver.ilk
f:\c++网络编程\day06(网络编程线程)\bin\win32\debug\easytcpserver.exe
f:\c++网络编程\day06(网络编程线程)\bin\win32\debug\easytcpserver.pdb
f:\c++网络编程\day08( 服务端 不同平台之间移植linux)\bin\win32\debug\easytcpserver.ilk
f:\c++网络编程\day08( 服务端 不同平台之间移植linux)\bin\win32\debug\easytcpserver.exe
f:\c++网络编程\day08( 服务端 不同平台之间移植linux)\bin\win32\debug\easytcpserver.pdb
f:\c++网络编程\day09( 跨平台 封装client类 与多服务端通信)\bin\win32\debug\easytcpserver.ilk
f:\c++网络编程\day09( 跨平台 封装client类 与多服务端通信)\bin\win32\debug\easytcpserver.exe
f:\c++网络编程\day09( 跨平台 封装client类 与多服务端通信)\bin\win32\debug\easytcpserver.pdb
f:\c++网络编程\day10( 跨平台 封装client类 与多服务端通信 linux)\bin\win32\debug\easytcpserver.ilk
f:\c++网络编程\day10( 跨平台 封装client类 与多服务端通信 linux)\bin\win32\debug\easytcpserver.exe
f:\c++网络编程\day10( 跨平台 封装client类 与多服务端通信 linux)\bin\win32\debug\easytcpserver.pdb
f:\c++网络编程\day11( 跨平台 封装server类 与多客户端通信 windows)\bin\win32\debug\easytcpserver.ilk
f:\c++网络编程\day11( 跨平台 封装server类 与多客户端通信 windows)\bin\win32\debug\easytcpserver.exe
f:\c++网络编程\day11( 跨平台 封装server类 与多客户端通信 windows)\bin\win32\debug\easytcpserver.pdb
f:\c++网络编程\day11( 跨平台 封装server类 与多客户端通信 windows)\hellosocket\../bin/win32/debug\easytcpserver.pdb
f:\c++网络编程\day11( 跨平台 封装server类 与多客户端通信 windows)\hellosocket\../bin/win32/debug\easytcpserver.exe
f:\c++网络编程\day11( 跨平台 封装server类 与多客户端通信 windows)\hellosocket\../bin/win32/debug\easytcpserver.ilk
f:\c++网络编程\day11( 跨平台 封装server类 与多客户端通信 windows)\temp\win32\debug\easytcpserver\easytcpserver.tlog\cl.command.1.tlog
f:\c++网络编程\day11( 跨平台 封装server类 与多客户端通信 windows)\temp\win32\debug\easytcpserver\easytcpserver.tlog\cl.read.1.tlog
f:\c++网络编程\day11( 跨平台 封装server类 与多客户端通信 windows)\temp\win32\debug\easytcpserver\easytcpserver.tlog\cl.write.1.tlog
f:\c++网络编程\day11( 跨平台 封装server类 与多客户端通信 windows)\temp\win32\debug\easytcpserver\easytcpserver.tlog\link.command.1.tlog
f:\c++网络编程\day11( 跨平台 封装server类 与多客户端通信 windows)\temp\win32\debug\easytcpserver\easytcpserver.tlog\link.read.1.tlog
f:\c++网络编程\day11( 跨平台 封装server类 与多客户端通信 windows)\temp\win32\debug\easytcpserver\easytcpserver.tlog\link.write.1.tlog
