f:\c++网络编程\day06(网络编程线程)\temp\win32\debug\easytcpclient\vc140.pdb
f:\c++网络编程\day06(网络编程线程)\temp\win32\debug\easytcpclient\vc140.idb
f:\c++网络编程\day06(网络编程线程)\temp\win32\debug\easytcpclient\client.obj
f:\c++网络编程\day08( 服务端 不同平台之间移植linux)\temp\win32\debug\easytcpclient\vc140.pdb
f:\c++网络编程\day08( 服务端 不同平台之间移植linux)\temp\win32\debug\easytcpclient\vc140.idb
f:\c++网络编程\day08( 服务端 不同平台之间移植linux)\temp\win32\debug\easytcpclient\client.obj
f:\c++网络编程\day09( 跨平台 封装client类 与多服务端通信)\temp\win32\debug\easytcpclient\vc140.pdb
f:\c++网络编程\day09( 跨平台 封装client类 与多服务端通信)\temp\win32\debug\easytcpclient\vc140.idb
f:\c++网络编程\day09( 跨平台 封装client类 与多服务端通信)\temp\win32\debug\easytcpclient\client.obj
f:\c++网络编程\day10( 跨平台 封装client类 与多服务端通信 linux)\temp\win32\debug\easytcpclient\vc140.pdb
f:\c++网络编程\day10( 跨平台 封装client类 与多服务端通信 linux)\temp\win32\debug\easytcpclient\vc140.idb
f:\c++网络编程\day10( 跨平台 封装client类 与多服务端通信 linux)\temp\win32\debug\easytcpclient\client.obj
f:\c++网络编程\day11( 跨平台 封装server类 与多客户端通信 windows)\temp\win32\debug\easytcpclient\vc140.pdb
f:\c++网络编程\day11( 跨平台 封装server类 与多客户端通信 windows)\temp\win32\debug\easytcpclient\vc140.idb
f:\c++网络编程\day11( 跨平台 封装server类 与多客户端通信 windows)\temp\win32\debug\easytcpclient\client.obj
f:\c++网络编程\day13( 跨平台 解决服务端粘包和少包)\temp\win32\debug\easytcpclient\vc140.pdb
f:\c++网络编程\day13( 跨平台 解决服务端粘包和少包)\temp\win32\debug\easytcpclient\vc140.idb
f:\c++网络编程\day13( 跨平台 解决服务端粘包和少包)\temp\win32\debug\easytcpclient\client.obj
f:\c++网络编程\day06(网络编程线程)\bin\win32\debug\easytcpclient.ilk
f:\c++网络编程\day06(网络编程线程)\bin\win32\debug\easytcpclient.exe
f:\c++网络编程\day06(网络编程线程)\bin\win32\debug\easytcpclient.pdb
f:\c++网络编程\day08( 服务端 不同平台之间移植linux)\bin\win32\debug\easytcpclient.ilk
f:\c++网络编程\day08( 服务端 不同平台之间移植linux)\bin\win32\debug\easytcpclient.exe
f:\c++网络编程\day08( 服务端 不同平台之间移植linux)\bin\win32\debug\easytcpclient.pdb
f:\c++网络编程\day09( 跨平台 封装client类 与多服务端通信)\bin\win32\debug\easytcpclient.ilk
f:\c++网络编程\day09( 跨平台 封装client类 与多服务端通信)\bin\win32\debug\easytcpclient.exe
f:\c++网络编程\day09( 跨平台 封装client类 与多服务端通信)\bin\win32\debug\easytcpclient.pdb
f:\c++网络编程\day10( 跨平台 封装client类 与多服务端通信 linux)\bin\win32\debug\easytcpclient.ilk
f:\c++网络编程\day10( 跨平台 封装client类 与多服务端通信 linux)\bin\win32\debug\easytcpclient.exe
f:\c++网络编程\day10( 跨平台 封装client类 与多服务端通信 linux)\bin\win32\debug\easytcpclient.pdb
f:\c++网络编程\day11( 跨平台 封装server类 与多客户端通信 windows)\bin\win32\debug\easytcpclient.ilk
f:\c++网络编程\day11( 跨平台 封装server类 与多客户端通信 windows)\bin\win32\debug\easytcpclient.exe
f:\c++网络编程\day11( 跨平台 封装server类 与多客户端通信 windows)\bin\win32\debug\easytcpclient.pdb
f:\c++网络编程\day13( 跨平台 解决服务端粘包和少包)\bin\win32\debug\easytcpclient.ilk
f:\c++网络编程\day13( 跨平台 解决服务端粘包和少包)\bin\win32\debug\easytcpclient.exe
f:\c++网络编程\day13( 跨平台 解决服务端粘包和少包)\bin\win32\debug\easytcpclient.pdb
f:\c++网络编程\day13( 跨平台 解决服务端粘包和少包)\hellosocket\../bin/win32/debug\easytcpclient.pdb
f:\c++网络编程\day13( 跨平台 解决服务端粘包和少包)\hellosocket\../bin/win32/debug\easytcpclient.exe
f:\c++网络编程\day13( 跨平台 解决服务端粘包和少包)\hellosocket\../bin/win32/debug\easytcpclient.ilk
f:\c++网络编程\day13( 跨平台 解决服务端粘包和少包)\temp\win32\debug\easytcpclient\easytcpclient.tlog\cl.command.1.tlog
f:\c++网络编程\day13( 跨平台 解决服务端粘包和少包)\temp\win32\debug\easytcpclient\easytcpclient.tlog\cl.read.1.tlog
f:\c++网络编程\day13( 跨平台 解决服务端粘包和少包)\temp\win32\debug\easytcpclient\easytcpclient.tlog\cl.write.1.tlog
f:\c++网络编程\day13( 跨平台 解决服务端粘包和少包)\temp\win32\debug\easytcpclient\easytcpclient.tlog\link.command.1.tlog
f:\c++网络编程\day13( 跨平台 解决服务端粘包和少包)\temp\win32\debug\easytcpclient\easytcpclient.tlog\link.read.1.tlog
f:\c++网络编程\day13( 跨平台 解决服务端粘包和少包)\temp\win32\debug\easytcpclient\easytcpclient.tlog\link.write.1.tlog
