f:\c++网络编程\day17( 多线程经典设计模式)\temp\win32\release\easytcpclient\vc140.pdb
f:\c++网络编程\day17( 多线程经典设计模式)\temp\win32\release\easytcpclient\client.obj
f:\c++网络编程\day18( select模型接收数据性能瓶颈与优化）\temp\win32\release\easytcpclient\vc140.pdb
f:\c++网络编程\day18( select模型接收数据性能瓶颈与优化）\temp\win32\release\easytcpclient\client.obj
f:\c++网络编程\day21( cellserver数据收发的性能瓶颈）\temp\win32\release\easytcpclient\vc140.pdb
f:\c++网络编程\day21( cellserver数据收发的性能瓶颈）\temp\win32\release\easytcpclient\client.obj
f:\c++网络编程\day23( 添加发送缓冲区- 定时发送数据）\temp\win32\release\easytcpclient\vc140.pdb
f:\c++网络编程\day23( 添加发送缓冲区- 定时发送数据）\temp\win32\release\easytcpclient\client.obj
f:\c++网络编程\day17( 多线程经典设计模式)\bin\win32\release\easytcpclient.exe
f:\c++网络编程\day17( 多线程经典设计模式)\bin\win32\release\easytcpclient.ipdb
f:\c++网络编程\day17( 多线程经典设计模式)\bin\win32\release\easytcpclient.iobj
f:\c++网络编程\day17( 多线程经典设计模式)\bin\win32\release\easytcpclient.pdb
f:\c++网络编程\day18( select模型接收数据性能瓶颈与优化）\bin\win32\release\easytcpclient.exe
f:\c++网络编程\day18( select模型接收数据性能瓶颈与优化）\bin\win32\release\easytcpclient.pdb
f:\c++网络编程\day21( cellserver数据收发的性能瓶颈）\bin\win32\release\easytcpclient.exe
f:\c++网络编程\day21( cellserver数据收发的性能瓶颈）\bin\win32\release\easytcpclient.ipdb
f:\c++网络编程\day21( cellserver数据收发的性能瓶颈）\bin\win32\release\easytcpclient.iobj
f:\c++网络编程\day21( cellserver数据收发的性能瓶颈）\bin\win32\release\easytcpclient.pdb
f:\c++网络编程\day23( 添加发送缓冲区- 定时发送数据）\bin\win32\release\easytcpclient.exe
f:\c++网络编程\day23( 添加发送缓冲区- 定时发送数据）\bin\win32\release\easytcpclient.ipdb
f:\c++网络编程\day23( 添加发送缓冲区- 定时发送数据）\bin\win32\release\easytcpclient.iobj
f:\c++网络编程\day23( 添加发送缓冲区- 定时发送数据）\bin\win32\release\easytcpclient.pdb
f:\c++网络编程\day23( 添加发送缓冲区- 定时发送数据）\hellosocket\../bin/win32/release\easytcpclient.pdb
f:\c++网络编程\day23( 添加发送缓冲区- 定时发送数据）\hellosocket\../bin/win32/release\easytcpclient.exe
f:\c++网络编程\day23( 添加发送缓冲区- 定时发送数据）\temp\win32\release\easytcpclient\easytcpclient.tlog\cl.command.1.tlog
f:\c++网络编程\day23( 添加发送缓冲区- 定时发送数据）\temp\win32\release\easytcpclient\easytcpclient.tlog\cl.read.1.tlog
f:\c++网络编程\day23( 添加发送缓冲区- 定时发送数据）\temp\win32\release\easytcpclient\easytcpclient.tlog\cl.write.1.tlog
f:\c++网络编程\day23( 添加发送缓冲区- 定时发送数据）\temp\win32\release\easytcpclient\easytcpclient.tlog\link.command.1.tlog
f:\c++网络编程\day23( 添加发送缓冲区- 定时发送数据）\temp\win32\release\easytcpclient\easytcpclient.tlog\link.read.1.tlog
f:\c++网络编程\day23( 添加发送缓冲区- 定时发送数据）\temp\win32\release\easytcpclient\easytcpclient.tlog\link.write.1.tlog
